# JRE version: OpenJDK Runtime Environment (21.0.6) (build 21.0.6+-13355223-b631.42)
# Java VM: OpenJDK 64-Bit Server VM (21.0.6+-13355223-b631.42, mixed mode, tiered, compressed oops, compressed class ptrs, g1 gc, windows-amd64)
GC Precious Log:
 CardTable entry size: 512
 Card Set container configuration: InlinePtr #cards 5 size 8 Array Of Cards #cards 12 size 40 Howl #buckets 4 coarsen threshold 1843 Howl Bitmap #cards 512 size 80 coarsen threshold 460 Card regions per heap region 1 cards per card region 2048
 CPUs: 8 total, 8 available
 Memory: 7455M
 Large Page Support: Disabled
 NUMA Support: Disabled
 Compressed Oops: Enabled (32-bit)
 Heap Region Size: 1M
 Heap Min Capacity: 8M
 Heap Initial Capacity: 118M
 Heap Max Capacity: 1864M
 Pre-touch: Disabled
 Parallel Workers: 8
 Concurrent Workers: 2
 Concurrent Refinement Workers: 8
 Periodic GC: Disabled
Heap:
 garbage-first heap   total 22528K, used 10148K [0x000000008b800000, 0x0000000100000000)
  region size 1024K, 6 young (6144K), 1 survivors (1024K)
 Metaspace       used 40823K, committed 41280K, reserved 1114112K
  class space    used 4035K, committed 4224K, reserved 1048576K
GC Heap History (20 events):
Event: 707.986 GC heap before
{Heap before GC invocations=80 (full 23):
 garbage-first heap   total 22528K, used 19259K [0x000000008b800000, 0x0000000100000000)
  region size 1024K, 12 young (12288K), 0 survivors (0K)
 Metaspace       used 39504K, committed 40000K, reserved 1114112K
  class space    used 3895K, committed 4160K, reserved 1048576K
}
Event: 707.987 GC heap after
{Heap after GC invocations=81 (full 23):
 garbage-first heap   total 22528K, used 7075K [0x000000008b800000, 0x0000000100000000)
  region size 1024K, 1 young (1024K), 1 survivors (1024K)
 Metaspace       used 39504K, committed 40000K, reserved 1114112K
  class space    used 3895K, committed 4160K, reserved 1048576K
}
Event: 720.086 GC heap before
{Heap before GC invocations=81 (full 23):
 garbage-first heap   total 22528K, used 17315K [0x000000008b800000, 0x0000000100000000)
  region size 1024K, 11 young (11264K), 1 survivors (1024K)
 Metaspace       used 39504K, committed 40000K, reserved 1114112K
  class space    used 3895K, committed 4160K, reserved 1048576K
}
Event: 720.087 GC heap after
{Heap after GC invocations=82 (full 23):
 garbage-first heap   total 22528K, used 7091K [0x000000008b800000, 0x0000000100000000)
  region size 1024K, 1 young (1024K), 1 survivors (1024K)
 Metaspace       used 39504K, committed 40000K, reserved 1114112K
  class space    used 3895K, committed 4160K, reserved 1048576K
}
Event: 725.127 GC heap before
{Heap before GC invocations=82 (full 23):
 garbage-first heap   total 22528K, used 11187K [0x000000008b800000, 0x0000000100000000)
  region size 1024K, 6 young (6144K), 1 survivors (1024K)
 Metaspace       used 39504K, committed 40000K, reserved 1114112K
  class space    used 3895K, committed 4160K, reserved 1048576K
}
Event: 725.138 GC heap after
{Heap after GC invocations=83 (full 24):
 garbage-first heap   total 22528K, used 6966K [0x000000008b800000, 0x0000000100000000)
  region size 1024K, 0 young (0K), 0 survivors (0K)
 Metaspace       used 39504K, committed 40000K, reserved 1114112K
  class space    used 3895K, committed 4160K, reserved 1048576K
}
Event: 739.968 GC heap before
{Heap before GC invocations=83 (full 24):
 garbage-first heap   total 22528K, used 19254K [0x000000008b800000, 0x0000000100000000)
  region size 1024K, 12 young (12288K), 0 survivors (0K)
 Metaspace       used 39504K, committed 40000K, reserved 1114112K
  class space    used 3895K, committed 4160K, reserved 1048576K
}
Event: 739.969 GC heap after
{Heap after GC invocations=84 (full 24):
 garbage-first heap   total 22528K, used 7065K [0x000000008b800000, 0x0000000100000000)
  region size 1024K, 1 young (1024K), 1 survivors (1024K)
 Metaspace       used 39504K, committed 40000K, reserved 1114112K
  class space    used 3895K, committed 4160K, reserved 1048576K
}
Event: 752.635 GC heap before
{Heap before GC invocations=84 (full 24):
 garbage-first heap   total 22528K, used 17305K [0x000000008b800000, 0x0000000100000000)
  region size 1024K, 11 young (11264K), 1 survivors (1024K)
 Metaspace       used 39504K, committed 40000K, reserved 1114112K
  class space    used 3895K, committed 4160K, reserved 1048576K
}
Event: 752.635 GC heap after
{Heap after GC invocations=85 (full 24):
 garbage-first heap   total 22528K, used 7084K [0x000000008b800000, 0x0000000100000000)
  region size 1024K, 1 young (1024K), 1 survivors (1024K)
 Metaspace       used 39504K, committed 40000K, reserved 1114112K
  class space    used 3895K, committed 4160K, reserved 1048576K
}
Event: 755.307 GC heap before
{Heap before GC invocations=85 (full 24):
 garbage-first heap   total 22528K, used 9132K [0x000000008b800000, 0x0000000100000000)
  region size 1024K, 4 young (4096K), 1 survivors (1024K)
 Metaspace       used 39504K, committed 40000K, reserved 1114112K
  class space    used 3895K, committed 4160K, reserved 1048576K
}
Event: 755.327 GC heap after
{Heap after GC invocations=86 (full 25):
 garbage-first heap   total 22528K, used 6952K [0x000000008b800000, 0x0000000100000000)
  region size 1024K, 0 young (0K), 0 survivors (0K)
 Metaspace       used 39504K, committed 40000K, reserved 1114112K
  class space    used 3895K, committed 4160K, reserved 1048576K
}
Event: 767.984 GC heap before
{Heap before GC invocations=86 (full 25):
 garbage-first heap   total 22528K, used 19240K [0x000000008b800000, 0x0000000100000000)
  region size 1024K, 12 young (12288K), 0 survivors (0K)
 Metaspace       used 39504K, committed 40000K, reserved 1114112K
  class space    used 3895K, committed 4160K, reserved 1048576K
}
Event: 767.985 GC heap after
{Heap after GC invocations=87 (full 25):
 garbage-first heap   total 22528K, used 7055K [0x000000008b800000, 0x0000000100000000)
  region size 1024K, 1 young (1024K), 1 survivors (1024K)
 Metaspace       used 39504K, committed 40000K, reserved 1114112K
  class space    used 3895K, committed 4160K, reserved 1048576K
}
Event: 778.535 GC heap before
{Heap before GC invocations=87 (full 25):
 garbage-first heap   total 22528K, used 17295K [0x000000008b800000, 0x0000000100000000)
  region size 1024K, 11 young (11264K), 1 survivors (1024K)
 Metaspace       used 39504K, committed 40000K, reserved 1114112K
  class space    used 3895K, committed 4160K, reserved 1048576K
}
Event: 778.535 GC heap after
{Heap after GC invocations=88 (full 25):
 garbage-first heap   total 22528K, used 7068K [0x000000008b800000, 0x0000000100000000)
  region size 1024K, 1 young (1024K), 1 survivors (1024K)
 Metaspace       used 39504K, committed 40000K, reserved 1114112K
  class space    used 3895K, committed 4160K, reserved 1048576K
}
Event: 785.329 GC heap before
{Heap before GC invocations=88 (full 25):
 garbage-first heap   total 22528K, used 13212K [0x000000008b800000, 0x0000000100000000)
  region size 1024K, 8 young (8192K), 1 survivors (1024K)
 Metaspace       used 39504K, committed 40000K, reserved 1114112K
  class space    used 3895K, committed 4160K, reserved 1048576K
}
Event: 785.340 GC heap after
{Heap after GC invocations=89 (full 26):
 garbage-first heap   total 22528K, used 6974K [0x000000008b800000, 0x0000000100000000)
  region size 1024K, 0 young (0K), 0 survivors (0K)
 Metaspace       used 39504K, committed 40000K, reserved 1114112K
  class space    used 3895K, committed 4160K, reserved 1048576K
}
Event: 798.001 GC heap before
{Heap before GC invocations=89 (full 26):
 garbage-first heap   total 22528K, used 19262K [0x000000008b800000, 0x0000000100000000)
  region size 1024K, 12 young (12288K), 0 survivors (0K)
 Metaspace       used 39505K, committed 40000K, reserved 1114112K
  class space    used 3895K, committed 4160K, reserved 1048576K
}
Event: 798.002 GC heap after
{Heap after GC invocations=90 (full 26):
 garbage-first heap   total 22528K, used 7076K [0x000000008b800000, 0x0000000100000000)
  region size 1024K, 1 young (1024K), 1 survivors (1024K)
 Metaspace       used 39505K, committed 40000K, reserved 1114112K
  class space    used 3895K, committed 4160K, reserved 1048576K
}

